[19/11/21 23:59:04] info: Program: Starting Squirrel Updater: --createShortcut GitHubDesktop.exe -l StartMenu,Desktop
[19/11/21 23:59:04] info: ApplyReleasesImpl: About to create shortcuts for GitHubDesktop.exe, rootAppDir C:\Users\Windows 10\AppData\Local\GitHubDesktop
[19/11/21 23:59:05] info: ApplyReleasesImpl: Creating shortcut for GitHubDesktop.exe => C:\Users\Windows 10\AppData\Roaming\Microsoft\Windows\Start Menu\Programs\GitHub, Inc.\GitHub Desktop.lnk
[19/11/21 23:59:05] info: ApplyReleasesImpl: About to save shortcut: C:\Users\Windows 10\AppData\Roaming\Microsoft\Windows\Start Menu\Programs\GitHub, Inc.\GitHub Desktop.lnk (target C:\Users\Windows 10\AppData\Local\GitHubDesktop\GitHubDesktop.exe, workingDir C:\Users\Windows 10\AppData\Local\GitHubDesktop\app-2.9.4, args , toastActivatorCSLID 27d44d0c-a542-5b90-bcdb-ac3126048ba2)
[19/11/21 23:59:05] info: ApplyReleasesImpl: Creating shortcut for GitHubDesktop.exe => C:\Users\Windows 10\Desktop\GitHub Desktop.lnk
[19/11/21 23:59:05] info: ApplyReleasesImpl: About to save shortcut: C:\Users\Windows 10\Desktop\GitHub Desktop.lnk (target C:\Users\Windows 10\AppData\Local\GitHubDesktop\GitHubDesktop.exe, workingDir C:\Users\Windows 10\AppData\Local\GitHubDesktop\app-2.9.4, args , toastActivatorCSLID 27d44d0c-a542-5b90-bcdb-ac3126048ba2)
[19/11/21 23:59:05] info: Program: Finished Squirrel Updater
[02/12/21 17:33:41] info: Program: Starting Squirrel Updater: --createShortcut GitHubDesktop.exe -l StartMenu,Desktop
[02/12/21 17:33:41] info: ApplyReleasesImpl: About to create shortcuts for GitHubDesktop.exe, rootAppDir C:\Users\Windows 10\AppData\Local\GitHubDesktop
[02/12/21 17:33:41] info: ApplyReleasesImpl: Creating shortcut for GitHubDesktop.exe => C:\Users\Windows 10\AppData\Roaming\Microsoft\Windows\Start Menu\Programs\GitHub, Inc.\GitHub Desktop.lnk
[02/12/21 17:33:41] info: ApplyReleasesImpl: About to save shortcut: C:\Users\Windows 10\AppData\Roaming\Microsoft\Windows\Start Menu\Programs\GitHub, Inc.\GitHub Desktop.lnk (target C:\Users\Windows 10\AppData\Local\GitHubDesktop\GitHubDesktop.exe, workingDir C:\Users\Windows 10\AppData\Local\GitHubDesktop\app-2.9.5, args , toastActivatorCSLID 27d44d0c-a542-5b90-bcdb-ac3126048ba2)
[02/12/21 17:33:41] info: ApplyReleasesImpl: Creating shortcut for GitHubDesktop.exe => C:\Users\Windows 10\Desktop\GitHub Desktop.lnk
[02/12/21 17:33:41] info: ApplyReleasesImpl: About to save shortcut: C:\Users\Windows 10\Desktop\GitHub Desktop.lnk (target C:\Users\Windows 10\AppData\Local\GitHubDesktop\GitHubDesktop.exe, workingDir C:\Users\Windows 10\AppData\Local\GitHubDesktop\app-2.9.5, args , toastActivatorCSLID 27d44d0c-a542-5b90-bcdb-ac3126048ba2)
[02/12/21 17:33:41] info: Program: Finished Squirrel Updater
[14/12/21 17:21:50] info: Program: Starting Squirrel Updater: --createShortcut GitHubDesktop.exe -l StartMenu,Desktop
[14/12/21 17:21:50] info: ApplyReleasesImpl: About to create shortcuts for GitHubDesktop.exe, rootAppDir C:\Users\Windows 10\AppData\Local\GitHubDesktop
[14/12/21 17:21:50] info: ApplyReleasesImpl: Creating shortcut for GitHubDesktop.exe => C:\Users\Windows 10\AppData\Roaming\Microsoft\Windows\Start Menu\Programs\GitHub, Inc.\GitHub Desktop.lnk
[14/12/21 17:21:50] info: ApplyReleasesImpl: About to save shortcut: C:\Users\Windows 10\AppData\Roaming\Microsoft\Windows\Start Menu\Programs\GitHub, Inc.\GitHub Desktop.lnk (target C:\Users\Windows 10\AppData\Local\GitHubDesktop\GitHubDesktop.exe, workingDir C:\Users\Windows 10\AppData\Local\GitHubDesktop\app-2.9.6, args , toastActivatorCSLID 27d44d0c-a542-5b90-bcdb-ac3126048ba2)
[14/12/21 17:21:50] info: ApplyReleasesImpl: Creating shortcut for GitHubDesktop.exe => C:\Users\Windows 10\Desktop\GitHub Desktop.lnk
[14/12/21 17:21:50] info: ApplyReleasesImpl: About to save shortcut: C:\Users\Windows 10\Desktop\GitHub Desktop.lnk (target C:\Users\Windows 10\AppData\Local\GitHubDesktop\GitHubDesktop.exe, workingDir C:\Users\Windows 10\AppData\Local\GitHubDesktop\app-2.9.6, args , toastActivatorCSLID 27d44d0c-a542-5b90-bcdb-ac3126048ba2)
[14/12/21 17:21:50] info: Program: Finished Squirrel Updater
